<?xml version="1.0" encoding="UTF-8"?>
<!-- Generated by org.testng.reporters.JUnitXMLReporter -->
<testsuite ignored="0" hostname="MUM01TL00227" failures="1" tests="2" name="Login Test" time="0.132" errors="0" timestamp="2021-02-21T22:57:52 IST">
  <testcase classname="listeners.LoginTest" name="loginByEmail" time="0.037"/>
  <testcase classname="listeners.LoginTest" name="loginByFacebook" time="0.003">
    <failure type="java.lang.AssertionError" message="expected [rahul] but found [gaurav]">
      <![CDATA[java.lang.AssertionError: expected [rahul] but found [gaurav]
at listeners.LoginTest.loginByFacebook(LoginTest.java:18)
at java.base/java.util.ArrayList.forEach(ArrayList.java:1511)
... Removed 33 stack frames]]>
    </failure>
  </testcase> <!-- loginByFacebook -->
</testsuite> <!-- Login Test -->
